2019-08-11 17:21:04.270 [main] DEBUG com.sun.dao.AnimalMapper.insert - ==>  Preparing: insert into animal(name,size ) values (?,?) 
2019-08-11 17:21:04.351 [main] DEBUG com.sun.dao.AnimalMapper.insert - ==> Parameters: 1(String), 1(Integer)
2019-08-11 17:25:27.567 [main] DEBUG com.sun.dao.AnimalMapper.insert - ==>  Preparing: insert into animal(name,size ) values (?,?) 
2019-08-11 17:25:27.635 [main] DEBUG com.sun.dao.AnimalMapper.insert - ==> Parameters: 1(String), 1(Integer)
2019-08-11 17:25:27.655 [main] DEBUG com.sun.dao.AnimalMapper.insert - <==    Updates: 1
2019-08-11 17:25:27.681 [main] DEBUG com.sun.dao.PersonMapper.insert - ==>  Preparing: insert into person(name,age) values (?,?); 
2019-08-11 17:25:27.681 [main] DEBUG com.sun.dao.PersonMapper.insert - ==> Parameters: 1(String), 1(Integer)
2019-08-11 17:25:27.684 [main] DEBUG com.sun.dao.PersonMapper.insert - <==    Updates: 1
2019-08-11 17:26:27.137 [main] DEBUG com.sun.dao.AnimalMapper.insert - ==>  Preparing: insert into animal(name,size ) values (?,?) 
2019-08-11 17:26:27.179 [main] DEBUG com.sun.dao.AnimalMapper.insert - ==> Parameters: 1(String), 1(Integer)
2019-08-11 17:26:27.182 [main] DEBUG com.sun.dao.AnimalMapper.insert - <==    Updates: 1
2019-08-11 17:26:27.196 [main] DEBUG com.sun.dao.PersonMapper.insert - ==>  Preparing: insert into person(name,age) values (?,?); 
2019-08-11 17:26:27.197 [main] DEBUG com.sun.dao.PersonMapper.insert - ==> Parameters: 1(String), 1(Integer)
2019-08-11 17:26:27.201 [main] DEBUG com.sun.dao.PersonMapper.insert - <==    Updates: 1
2019-08-11 17:28:22.279 [main] DEBUG com.sun.dao.AnimalMapper.insert - ==>  Preparing: insert into animal(name,size ) values (?,?) 
2019-08-11 17:28:22.325 [main] DEBUG com.sun.dao.AnimalMapper.insert - ==> Parameters: 1(String), 1(Integer)
2019-08-11 17:28:22.412 [main] DEBUG com.sun.dao.AnimalMapper.insert - <==    Updates: 1
2019-08-11 17:28:22.430 [main] DEBUG com.sun.dao.PersonMapper.insert - ==>  Preparing: insert into person(name,age) values (?,?); 
2019-08-11 17:28:22.431 [main] DEBUG com.sun.dao.PersonMapper.insert - ==> Parameters: 1(String), 1(Integer)
2019-08-11 17:28:22.476 [main] DEBUG com.sun.dao.PersonMapper.insert - <==    Updates: 1
2019-08-11 17:29:44.527 [main] DEBUG com.sun.dao.AnimalMapper.insert - ==>  Preparing: insert into animal(name,size ) values (?,?) 
2019-08-11 17:29:44.561 [main] DEBUG com.sun.dao.AnimalMapper.insert - ==> Parameters: 2(String), 2(Integer)
2019-08-11 17:29:44.563 [main] DEBUG com.sun.dao.AnimalMapper.insert - <==    Updates: 1
2019-08-11 17:29:44.578 [main] DEBUG com.sun.dao.PersonMapper.insert - ==>  Preparing: insert into person(name,age) values (?,?); 
2019-08-11 17:29:44.579 [main] DEBUG com.sun.dao.PersonMapper.insert - ==> Parameters: 2(String), 2(Integer)
2019-08-11 17:29:44.580 [main] DEBUG com.sun.dao.PersonMapper.insert - <==    Updates: 1
2019-08-11 17:30:39.199 [main] DEBUG com.sun.dao.AnimalMapper.insert - ==>  Preparing: insert into animal(name,size ) values (?,?) 
2019-08-11 17:30:39.248 [main] DEBUG com.sun.dao.AnimalMapper.insert - ==> Parameters: 2(String), 2(Integer)
2019-08-11 17:30:39.252 [main] DEBUG com.sun.dao.AnimalMapper.insert - <==    Updates: 1
2019-08-11 17:30:39.268 [main] DEBUG com.sun.dao.PersonMapper.insert - ==>  Preparing: insert into person(name,age) values (?,?); 
2019-08-11 17:30:39.269 [main] DEBUG com.sun.dao.PersonMapper.insert - ==> Parameters: 2(String), 2(Integer)
2019-08-11 17:30:39.314 [main] DEBUG com.sun.dao.PersonMapper.insert - <==    Updates: 1
2019-08-11 17:32:44.873 [main] DEBUG com.sun.dao.AnimalMapper.insert - ==>  Preparing: insert into animal(name,size ) values (?,?) 
2019-08-11 17:32:44.912 [main] DEBUG com.sun.dao.AnimalMapper.insert - ==> Parameters: 2(String), 2(Integer)
2019-08-11 17:32:44.914 [main] DEBUG com.sun.dao.AnimalMapper.insert - <==    Updates: 1
2019-08-11 17:32:44.925 [main] DEBUG com.sun.dao.PersonMapper.insert - ==>  Preparing: insert into person(name,age) values (?,?); 
2019-08-11 17:32:44.925 [main] DEBUG com.sun.dao.PersonMapper.insert - ==> Parameters: 2(String), 2(Integer)
2019-08-11 17:32:44.928 [main] DEBUG com.sun.dao.PersonMapper.insert - <==    Updates: 1
